This is e-pTeX, Version 3.14159265-p3.8.0-180226-2.6 (utf8.euc) (TeX Live 2018) (preloaded format=platex 2018.7.31)  21 JAN 2019 20:51
entering extended mode
 restricted \write18 enabled.
 %&-line parsing enabled.
**3robot.tex
(./3robot.tex
pLaTeX2e <2018-04-01>+1 (based on LaTeX2e <2018-04-01> patch level 2)
Babel <3.18> and hyphenation patterns for 84 language(s) loaded.

! LaTeX Error: Missing \begin{document}.

See the LaTeX manual or LaTeX Companion for explanation.
Type  H <return>  for immediate help.
 ...                                              
                                                  
l.1 本
      研究で開発した２脚ロボットの外観をFig.\ref{robot_outline}に示す．
? x
 
Here is how much of TeX's memory you used:
 5 strings out of 493281
 171 string characters out of 6145041
 60818 words of memory out of 5000000
 4035 multiletter control sequences out of 15000+600000
 7511 words of font info for 31 fonts, out of 8000000 for 9000
 929 hyphenation exceptions out of 8191
 5i,0n,4p,82b,14s stack positions out of 5000i,500n,10000p,200000b,80000s
No pages of output.
